<?xml version="1.0" encoding="UTF-8"?>
<!-- Generated by org.testng.reporters.JUnitReportReporter -->
<testsuite hostname="LAPTOP-7S7H3TCS" failures="0" tests="1" name="testpackage.Testsignin" time="11.038" errors="0" timestamp="2023-08-08T16:41:14 EDT" skipped="0">
  <testcase classname="testpackage.Testsignin" name="verifyy" time="11.038"/>
</testsuite> <!-- testpackage.Testsignin -->
