<?xml version="1.0" encoding="UTF-8"?>
<!-- Generated by org.testng.reporters.JUnitReportReporter -->
<testsuite hostname="LAPTOP-7S7H3TCS" failures="0" tests="1" name="testpackage.Testyouraddress" time="25.170" errors="0" timestamp="2023-08-09T16:18:26 EDT" skipped="0">
  <testcase classname="testpackage.Testyouraddress" name="addresssugestion" time="25.170"/>
</testsuite> <!-- testpackage.Testyouraddress -->
