<?xml version="1.0" encoding="UTF-8"?>
<!-- Generated by org.testng.reporters.JUnitReportReporter -->
<testsuite hostname="LAPTOP-7S7H3TCS" failures="0" tests="1" name="testpackage.Testyourorders" time="22.190" errors="0" timestamp="2023-08-08T21:07:50 EDT" skipped="0">
  <testcase classname="testpackage.Testyourorders" name="cancelledorder" time="22.190"/>
</testsuite> <!-- testpackage.Testyourorders -->
